2022-01-27 18:54.23.307 [INFO] [restartedMain] [c.s.e.EmployeePayrollApplication:55] Starting EmployeePayrollApplication using Java 15.0.2 on DESKTOP-F8A42Q9 with PID 7316 (C:\Users\VICKY\Desktop\CFPproblems\EmployeePayroll\target\classes started by VICKY in C:\Users\VICKY\Desktop\CFPproblems\EmployeePayroll)
2022-01-27 18:54.23.320 [INFO] [restartedMain] [c.s.e.EmployeePayrollApplication:641] The following profiles are active: PROD
2022-01-27 18:54.24.658 [INFO] [restartedMain] [o.s.d.r.c.RepositoryConfigurationDelegate:132] Bootstrapping Spring Data JPA repositories in DEFAULT mode.
2022-01-27 18:54.24.712 [INFO] [restartedMain] [o.s.d.r.c.RepositoryConfigurationDelegate:201] Finished Spring Data repository scanning in 52 ms. Found 1 JPA repository interfaces.
2022-01-27 18:54.25.19 [INFO] [restartedMain] [o.s.b.w.e.t.TomcatWebServer:108] Tomcat initialized with port(s): 8080 (http)
2022-01-27 18:54.25.22 [INFO] [restartedMain] [o.a.c.c.StandardService:173] Starting service [Tomcat]
2022-01-27 18:54.25.23 [INFO] [restartedMain] [o.a.c.c.StandardEngine:173] Starting Servlet engine: [Apache Tomcat/9.0.56]
2022-01-27 18:54.25.116 [INFO] [restartedMain] [o.a.c.c.C.[.[.[/]:173] Initializing Spring embedded WebApplicationContext
2022-01-27 18:54.25.116 [INFO] [restartedMain] [o.s.b.w.s.c.ServletWebServerApplicationContext:290] Root WebApplicationContext: initialization completed in 1787 ms
2022-01-27 18:54.25.236 [INFO] [restartedMain] [c.z.h.HikariDataSource:110] HikariPool-19 - Starting...
2022-01-27 18:54.25.293 [INFO] [restartedMain] [c.z.h.HikariDataSource:123] HikariPool-19 - Start completed.
2022-01-27 18:54.25.470 [INFO] [restartedMain] [o.s.o.j.LocalContainerEntityManagerFactoryBean:437] Initialized JPA EntityManagerFactory for persistence unit 'default'
2022-01-27 18:54.25.910 [WARN] [restartedMain] [o.s.b.a.o.j.JpaBaseConfiguration$JpaWebConfiguration:219] spring.jpa.open-in-view is enabled by default. Therefore, database queries may be performed during view rendering. Explicitly configure spring.jpa.open-in-view to disable this warning
2022-01-27 18:54.26.140 [INFO] [restartedMain] [o.s.b.d.a.OptionalLiveReloadServer:58] LiveReload server is running on port 35729
2022-01-27 18:54.26.155 [INFO] [restartedMain] [o.s.b.w.e.t.TomcatWebServer:220] Tomcat started on port(s): 8080 (http) with context path ''
2022-01-27 18:54.26.163 [INFO] [restartedMain] [c.s.e.EmployeePayrollApplication:61] Started EmployeePayrollApplication in 3.229 seconds (JVM running for 2816.825)
2022-01-27 18:54.26.166 [INFO] [restartedMain] [o.s.b.d.a.ConditionEvaluationDeltaLoggingListener:63] Condition evaluation unchanged
2022-01-27 18:54.26.168 [INFO] [restartedMain] [c.s.e.EmployeePayrollApplication:15] Employee Payroll App Started in PROD Environment...!
2022-01-27 18:54.26.169 [INFO] [restartedMain] [c.s.e.EmployeePayrollApplication:17] Employee Payroll DataBase User Is cfpu.
2022-01-27 18:54.52.765 [INFO] [restartedMain] [c.s.e.EmployeePayrollApplication:55] Starting EmployeePayrollApplication using Java 15.0.2 on DESKTOP-F8A42Q9 with PID 37356 (C:\Users\VICKY\Desktop\CFPproblems\EmployeePayroll\target\classes started by VICKY in C:\Users\VICKY\Desktop\CFPproblems\EmployeePayroll)
2022-01-27 18:54.52.774 [INFO] [restartedMain] [c.s.e.EmployeePayrollApplication:641] The following profiles are active: PROD
2022-01-27 18:54.53.130 [INFO] [restartedMain] [o.s.b.d.e.DevToolsPropertyDefaultsPostProcessor:255] Devtools property defaults active! Set 'spring.devtools.add-properties' to 'false' to disable
2022-01-27 18:54.53.131 [INFO] [restartedMain] [o.s.b.d.e.DevToolsPropertyDefaultsPostProcessor:255] For additional web related logging consider setting the 'logging.level.web' property to 'DEBUG'
2022-01-27 18:54.56.753 [INFO] [restartedMain] [o.s.d.r.c.RepositoryConfigurationDelegate:132] Bootstrapping Spring Data JPA repositories in DEFAULT mode.
2022-01-27 18:54.56.957 [INFO] [restartedMain] [o.s.d.r.c.RepositoryConfigurationDelegate:201] Finished Spring Data repository scanning in 175 ms. Found 1 JPA repository interfaces.
2022-01-27 18:54.59.447 [INFO] [restartedMain] [o.s.b.w.e.t.TomcatWebServer:108] Tomcat initialized with port(s): 8080 (http)
2022-01-27 18:54.59.473 [INFO] [restartedMain] [o.a.c.c.StandardService:173] Starting service [Tomcat]
2022-01-27 18:54.59.475 [INFO] [restartedMain] [o.a.c.c.StandardEngine:173] Starting Servlet engine: [Apache Tomcat/9.0.56]
2022-01-27 18:54.59.990 [INFO] [restartedMain] [o.a.c.c.C.[.[.[/]:173] Initializing Spring embedded WebApplicationContext
2022-01-27 18:54.59.992 [INFO] [restartedMain] [o.s.b.w.s.c.ServletWebServerApplicationContext:290] Root WebApplicationContext: initialization completed in 6858 ms
2022-01-27 18:55.02.06 [INFO] [restartedMain] [c.z.h.HikariDataSource:110] HikariPool-1 - Starting...
2022-01-27 18:55.03.126 [INFO] [restartedMain] [c.z.h.HikariDataSource:123] HikariPool-1 - Start completed.
2022-01-27 18:55.05.978 [INFO] [restartedMain] [o.s.o.j.LocalContainerEntityManagerFactoryBean:437] Initialized JPA EntityManagerFactory for persistence unit 'default'
2022-01-27 18:55.07.294 [WARN] [restartedMain] [o.s.b.a.o.j.JpaBaseConfiguration$JpaWebConfiguration:219] spring.jpa.open-in-view is enabled by default. Therefore, database queries may be performed during view rendering. Explicitly configure spring.jpa.open-in-view to disable this warning
2022-01-27 18:55.08.104 [INFO] [restartedMain] [o.s.b.d.a.OptionalLiveReloadServer:58] LiveReload server is running on port 35729
2022-01-27 18:55.08.194 [INFO] [restartedMain] [o.s.b.w.e.t.TomcatWebServer:220] Tomcat started on port(s): 8080 (http) with context path ''
2022-01-27 18:55.08.219 [INFO] [restartedMain] [c.s.e.EmployeePayrollApplication:61] Started EmployeePayrollApplication in 17.676 seconds (JVM running for 20.675)
2022-01-27 18:55.08.227 [INFO] [restartedMain] [c.s.e.EmployeePayrollApplication:15] Employee Payroll App Started in PROD Environment...!
2022-01-27 18:55.08.228 [INFO] [restartedMain] [c.s.e.EmployeePayrollApplication:17] Employee Payroll DataBase User Is cfpu.
2022-01-27 18:55.11.683 [INFO] [Thread-5] [o.s.o.j.LocalContainerEntityManagerFactoryBean:651] Closing JPA EntityManagerFactory for persistence unit 'default'
2022-01-27 18:55.11.689 [INFO] [Thread-5] [c.z.h.HikariDataSource:350] HikariPool-1 - Shutdown initiated...
2022-01-27 18:55.11.728 [INFO] [Thread-5] [c.z.h.HikariDataSource:352] HikariPool-1 - Shutdown completed.
